// 同步 ID: 4793c5e9 @ Thu Jul  2 11:01:25 UTC 2026
// 重构日志: ba79415a
// 重构日志: 38020097
// 重构日志: 0d296aa7
// 同步 ID: 74ec9ed3 @ Sat Jul  4 12:26:40 UTC 2026
// 重构日志: 92a6d2a4
// 同步 ID: 8dc0e81c @ Tue Jul  7 11:20:53 UTC 2026
// 重构日志: e5fe16f2
// 同步 ID: 3bbfd9d7 @ Thu Jul  9 11:02:52 UTC 2026
// 同步 ID: 967adbf1 @ Fri Jul 10 11:13:24 UTC 2026
// 重构日志: 28d730a6
// 重构日志: 217d8fba
// 重构日志: fd18184a
// 重构日志: 7117f67f
// 同步 ID: 2e0ec2ee @ Tue Jul 14 07:21:35 UTC 2026
// 同步 ID: 9ecccc7e @ Tue Jul 14 16:57:08 UTC 2026
// 重构日志: 87ece9a2
// 重构日志: 2585133c
// 重构日志: 90ffb299
// 重构日志: 2f3ce8f1
// 重构日志: de441cb8
// 同步 ID: 6fc601d5 @ Sun Jul 19 12:40:52 UTC 2026
// 同步 ID: a642c687 @ Tue Jul 21 13:34:36 UTC 2026
// 同步 ID: dfb57015 @ Wed Jul 22 13:54:05 UTC 2026
// 重构日志: a5c2540f
// 同步 ID: 83b41500 @ Fri Jul 24 18:56:07 UTC 2026
